<?xml version="1.0" encoding="UTF-8"?>
<!-- Generated by org.testng.reporters.JUnitReportReporter -->
<testsuite skipped="0" hostname="DESKTOP-SQIIQB8" name="com.base.Base" tests="1" failures="0" timestamp="08 May 2020 14:06:34 GMT" time="28.801" errors="0">
  <testcase name="initilizeDriver" time="28.801" classname="com.base.Base"/>
</testsuite> <!-- com.base.Base -->
